mode: set
github.com/DucTran999/shared-pkg/logger/config.go:11.43,31.2 4 1
github.com/DucTran999/shared-pkg/logger/config.go:33.51,46.2 1 1
github.com/DucTran999/shared-pkg/logger/logger.go:33.46,38.36 2 1
github.com/DucTran999/shared-pkg/logger/logger.go:38.36,45.3 1 1
github.com/DucTran999/shared-pkg/logger/logger.go:47.2,48.37 2 1
github.com/DucTran999/shared-pkg/logger/logger.go:48.37,50.3 1 1
github.com/DucTran999/shared-pkg/logger/logger.go:52.2,55.8 1 1
github.com/DucTran999/shared-pkg/logger/logger.go:59.56,61.2 1 1
github.com/DucTran999/shared-pkg/logger/logger.go:64.56,66.2 1 1
github.com/DucTran999/shared-pkg/logger/logger.go:69.57,71.2 1 1
github.com/DucTran999/shared-pkg/logger/logger.go:74.57,76.2 1 1
github.com/DucTran999/shared-pkg/logger/logger.go:79.57,81.2 1 1
github.com/DucTran999/shared-pkg/logger/logger.go:85.58,87.2 1 1
github.com/DucTran999/shared-pkg/logger/logger.go:90.57,92.2 1 0
github.com/DucTran999/shared-pkg/logger/logger.go:95.54,97.2 1 1
github.com/DucTran999/shared-pkg/logger/logger.go:100.54,102.2 1 1
github.com/DucTran999/shared-pkg/logger/logger.go:105.55,108.2 2 1
github.com/DucTran999/shared-pkg/logger/logger.go:111.55,113.2 1 1
github.com/DucTran999/shared-pkg/logger/logger.go:116.55,119.2 2 1
github.com/DucTran999/shared-pkg/logger/logger.go:123.56,126.2 2 1
github.com/DucTran999/shared-pkg/logger/logger.go:129.55,132.2 2 0
github.com/DucTran999/shared-pkg/logger/logger.go:135.59,140.27 2 1
github.com/DucTran999/shared-pkg/logger/logger.go:140.27,143.3 2 1
github.com/DucTran999/shared-pkg/logger/logger.go:146.2,146.10 1 1
github.com/DucTran999/shared-pkg/logger/logger.go:149.31,151.2 1 1
github.com/DucTran999/shared-pkg/logger/logger.go:154.85,157.8 2 1
github.com/DucTran999/shared-pkg/logger/logger.go:157.8,158.45 1 1
github.com/DucTran999/shared-pkg/logger/logger.go:158.45,165.4 2 1
github.com/DucTran999/shared-pkg/logger/logger.go:169.2,169.52 1 1
github.com/DucTran999/shared-pkg/logger/logger.go:169.52,171.3 1 1
